<?xml version="1.0" encoding="UTF-8"?>
<!-- Generated by org.testng.reporters.JUnitXMLReporter -->
<testsuite hostname="Aarush" ignored="0" name="Test" tests="3" failures="2" timestamp="14 Mar 2017 11:04:18 GMT" time="42.062" errors="0">
  <testcase name="testVerifyLogin" time="9.048" classname="script.VerifyLogin"/>
  <testcase name="testVerifyUploadResumeAndLogout" time="0.009" classname="script.VerifyUploadResumeAndLogout">
    <failure type="java.lang.NullPointerException">
      <![CDATA[java.lang.NullPointerException
	at org.openqa.selenium.support.pagefactory.DefaultElementLocator.findElement(DefaultElementLocator.java:69)
	at org.openqa.selenium.support.pagefactory.internal.LocatingElementHandler.invoke(LocatingElementHandler.java:38)
	at com.sun.proxy.$Proxy7.click(Unknown Source)
	at pom.LoginPage.clickLoginLink(LoginPage.java:21)
	at script.VerifyLogin.testVerifyLogin(VerifyLogin.java:16)
	at script.VerifyUploadResumeAndLogout.testVerifyUploadResumeAndLogout(VerifyUploadResumeAndLogout.java:20)
... Removed 25 stack frames]]>
    </failure>
  </testcase> <!-- testVerifyUploadResumeAndLogout -->
  <testcase name="navigateToMyNaukri" time="0.008" classname="script.MyNaukri">
    <failure type="java.lang.NullPointerException">
      <![CDATA[java.lang.NullPointerException
	at org.openqa.selenium.support.pagefactory.DefaultElementLocator.findElement(DefaultElementLocator.java:69)
	at org.openqa.selenium.support.pagefactory.internal.LocatingElementHandler.invoke(LocatingElementHandler.java:38)
	at com.sun.proxy.$Proxy7.click(Unknown Source)
	at pom.LoginPage.clickLoginLink(LoginPage.java:21)
	at script.VerifyLogin.testVerifyLogin(VerifyLogin.java:16)
	at script.MyNaukri.navigateToMyNaukri(MyNaukri.java:14)
... Removed 25 stack frames]]>
    </failure>
  </testcase> <!-- navigateToMyNaukri -->
</testsuite> <!-- Test -->
