<?xml version="1.0" encoding="UTF-8"?>
<!-- Generated by org.testng.reporters.JUnitXMLReporter -->
<testsuite hostname="Aarush" ignored="0" name="Test" tests="3" failures="2" timestamp="12 Mar 2017 08:43:23 GMT" time="34.827" errors="0">
  <testcase name="navigateToMyNaukri" time="0.031" classname="script.MyNaukri">
    <failure type="java.lang.NullPointerException">
      <![CDATA[java.lang.NullPointerException
	at org.openqa.selenium.support.pagefactory.DefaultElementLocator.findElement(DefaultElementLocator.java:69)
	at org.openqa.selenium.support.pagefactory.internal.LocatingElementHandler.invoke(LocatingElementHandler.java:38)
	at com.sun.proxy.$Proxy7.click(Unknown Source)
	at pom.LoginPage.clickLoginLink(LoginPage.java:20)
	at script.Login.verifyLogin(Login.java:32)
	at script.MyNaukri.navigateToMyNaukri(MyNaukri.java:24)
... Removed 25 stack frames]]>
    </failure>
  </testcase> <!-- navigateToMyNaukri -->
  <testcase name="verifyLogin" time="1.34" classname="script.Login"/>
  <testcase name="upload" time="0.006" classname="script.UploadResumeAndLogout">
    <failure type="java.lang.NullPointerException">
      <![CDATA[java.lang.NullPointerException
	at org.openqa.selenium.support.pagefactory.DefaultElementLocator.findElement(DefaultElementLocator.java:69)
	at org.openqa.selenium.support.pagefactory.internal.LocatingElementHandler.invoke(LocatingElementHandler.java:38)
	at com.sun.proxy.$Proxy7.click(Unknown Source)
	at pom.LoginPage.clickLoginLink(LoginPage.java:20)
	at script.Login.verifyLogin(Login.java:32)
	at script.UploadResumeAndLogout.upload(UploadResumeAndLogout.java:30)
... Removed 25 stack frames]]>
    </failure>
  </testcase> <!-- upload -->
</testsuite> <!-- Test -->
