<?xml version="1.0" encoding="UTF-8"?>
<testng-results skipped="0" failed="0" ignored="0" total="1" passed="1">
  <reporter-output>
  </reporter-output>
  <suite name="Default suite" duration-ms="279591" started-at="2017-03-21T08:37:03Z" finished-at="2017-03-21T08:41:43Z">
    <groups>
    </groups>
    <test name="Default test" duration-ms="279591" started-at="2017-03-21T08:37:03Z" finished-at="2017-03-21T08:41:43Z">
      <class name="script.uploadResume">
        <test-method status="PASS" signature="preCondition()[pri:0, instance:script.uploadResume@27efef64]" name="preCondition" is-config="true" duration-ms="11057" started-at="2017-03-21T14:07:03Z" finished-at="2017-03-21T14:07:14Z">
          <reporter-output>
          </reporter-output>
        </test-method> <!-- preCondition -->
        <test-method status="PASS" signature="testUploadResumeLogout()[pri:0, instance:script.uploadResume@27efef64]" name="testUploadResumeLogout" duration-ms="266893" started-at="2017-03-21T14:07:14Z" finished-at="2017-03-21T14:11:41Z">
          <reporter-output>
          </reporter-output>
        </test-method> <!-- testUploadResumeLogout -->
        <test-method status="PASS" signature="postCondition()[pri:0, instance:script.uploadResume@27efef64]" name="postCondition" is-config="true" duration-ms="1600" started-at="2017-03-21T14:11:41Z" finished-at="2017-03-21T14:11:43Z">
          <reporter-output>
          </reporter-output>
        </test-method> <!-- postCondition -->
      </class> <!-- script.uploadResume -->
    </test> <!-- Default test -->
  </suite> <!-- Default suite -->
</testng-results>
